<form>
  <label>Test-Auth 02</label>
  <fieldset submitButton="true" autoRun="false">
    <input type="time" token="field1">
      <label>time</label>
      <default>
        <earliest>-24h@h</earliest>
        <latest>now</latest>
      </default>
    </input>
  </fieldset>
  <row>
    <panel>
      <chart>
        <title>Failed Authentication</title>
        <search>
          <query>index=* sourcetype="cisco:ise:syslog" ISEPolicySetName="Device Admin Switch" OR "Admin F5" OR "Admin Checkpoint" OR "Device Admin WLC" eventtype="cisco-ise-guest-authentication-failed"
| append 
    [ search index=0200-ops_network_dispatcher-lan sourcetype=cisco:ios eventtype=cisco_ios-login_failed] 
| eval User=mvappend(User,user) 
| search User!=**
| eval Fail=mvappend(FailureReason,reason) 
| replace "13031 TACACS+ authentication request missing user Password" WITH "Missing user password" "11014 RADIUS packet contains invalid attribute(s)" WITH "RADIUS pkt invalid attribute" "13036 Selected Shell Profile is DenyAccess" WITH "Shell Profile DenyAccess" "22040 Wrong password or invalid shared secret" WITH "Wrong pass. or shared secret" "22056 Subject not found in the applicable identity store(s)" WITH "Subject not found identity store" "24508 User authentication failed" WITH "User authentication failed" "13030 TACACS+ authentication request missing a User name" WITH "Missing user name" "15039 Rejected per authorization profile" WITH "Rejected authorization profile" IN Fail 
| where NOT Fail == "RADIUS pkt invalid attribute"
| chart count by Fail User limit=0 
| sort -count</query>
          <earliest>$field1.earliest$</earliest>
          <latest>$field1.latest$</latest>
          <sampleRatio>1</sampleRatio>
        </search>
        <option name="charting.axisLabelsX.majorLabelStyle.overflowMode">ellipsisNone</option>
        <option name="charting.axisLabelsX.majorLabelStyle.rotation">0</option>
        <option name="charting.axisTitleX.visibility">visible</option>
        <option name="charting.axisTitleY.visibility">visible</option>
        <option name="charting.axisTitleY2.visibility">visible</option>
        <option name="charting.axisX.abbreviation">none</option>
        <option name="charting.axisX.scale">linear</option>
        <option name="charting.axisY.abbreviation">none</option>
        <option name="charting.axisY.scale">linear</option>
        <option name="charting.axisY2.abbreviation">none</option>
        <option name="charting.axisY2.enabled">0</option>
        <option name="charting.axisY2.scale">inherit</option>
        <option name="charting.chart">column</option>
        <option name="charting.chart.bubbleMaximumSize">50</option>
        <option name="charting.chart.bubbleMinimumSize">10</option>
        <option name="charting.chart.bubbleSizeBy">area</option>
        <option name="charting.chart.nullValueMode">gaps</option>
        <option name="charting.chart.showDataLabels">all</option>
        <option name="charting.chart.sliceCollapsingThreshold">0.01</option>
        <option name="charting.chart.stackMode">default</option>
        <option name="charting.chart.style">shiny</option>
        <option name="charting.drilldown">none</option>
        <option name="charting.layout.splitSeries">0</option>
        <option name="charting.layout.splitSeries.allowIndependentYRanges">0</option>
        <option name="charting.legend.labelStyle.overflowMode">ellipsisEnd</option>
        <option name="charting.legend.mode">standard</option>
        <option name="charting.legend.placement">right</option>
        <option name="charting.lineWidth">2</option>
        <option name="refresh.display">progressbar</option>
        <option name="trellis.enabled">0</option>
        <option name="trellis.scales.shared">1</option>
        <option name="trellis.size">medium</option>
      </chart>
    </panel>
  </row>
  <row>
    <panel>
      <table>
        <title>Machine and Admin login - Ingolstadt (Cisco devices)</title>
        <search>
          <query>index=0200-ops_network_dispatcher-lan sourcetype=cisco:ios CONFIG_I OR %AAA-5-AAA_AUTH_ADMIN_USER OR LOGIN_FAILED 
| rex field=_raw "^[^'\n]*'(?P&lt;User_&gt;\w+)" 
| eval User=mvappend (User_,user) 
| search User!=ea053zu User!=dbhf3n4 User!=sa6cqx7 User!=sovw9b5 User!=av9t023 User!=tfp5ko6 User!=ub2k1jj User!=e8cbu1f User!= u5aes4c User!=u254icd User!=u9b0n38 User!=adxxzv3 User!=alddflq User!=v08af6t User!=t User!=f3zgxar User!=egznwyd User!=gw1m3no User!=v5tvcro User!=fzcqiup User!=f60t0wj User!=uw3qkmf User!=wgphis1 User!=syfg2s9 User!=tq1vk8g User!=dp0ygpt User!=tq1vk8g User!=gg0o6ly User!=wzcikwv User!=vu3fme2 User!=etbq41a User!=s0weanz User!=ujg12se User!=ufpbmqa User!=wm3wzia User!=gw65cxu User!=szvfny0 User!=F6GQ7NE User!=dbf3n4 User!=eue4ujy User!=vccgjog User!=t8dp6bc User!=ezrafre User!=ex3e331 User!=v5mzb7o User!=ucfapv6 User!=t3pl6zd
| replace "AAA_AUTH_ADMIN_USER" WITH "AAA Admin User" "CONFIG_I" WITH "Config Command" "LOGIN_FAILED" WITH "Login Failed" "VSHD_SYSLOG_CONFIG_I" WITH "Config Command" IN mnemonic 
| replace FJ with *
| eval Location=substr(host,1,2) 
| replace "in" WITH Ingolstadt, is WITH Ingolstadt, gh WITH Ingolstadt, kg WITH Ingolstadt, mm WITH Ingolstadt, nd WITH Ingolstadt, nb WITH Ingolstadt, mh WITH Ingolstadt, ne WITH Neckarsulm, bh with Ingolstadt, pn with Neckarsulm, hn with Ingolstadt hb with Ingolstadt gm with Ingolstadt si with Neckarsulm ta with Neckarsulm b0 with Neckarsulm 17 with Ingolstadt in Location 
| stats count by User mnemonic Location | where NOT Location == "Neckarsulm"
| rename mnemonic as Action count as Count 
| sort -Count</query>
          <earliest>$field1.earliest$</earliest>
          <latest>$field1.latest$</latest>
          <sampleRatio>1</sampleRatio>
        </search>
        <option name="count">10</option>
        <option name="dataOverlayMode">none</option>
        <option name="drilldown">none</option>
        <option name="percentagesRow">false</option>
        <option name="refresh.display">progressbar</option>
        <option name="rowNumbers">false</option>
        <option name="totalsRow">false</option>
        <option name="wrap">false</option>
        <format type="color" field="User">
          <colorPalette type="map">{"console":#EC9960}</colorPalette>
        </format>
      </table>
    </panel>
    <panel>
      <table>
        <title>Machine and Admin login - Neckarsulm (Cisco devices)</title>
        <search>
          <query>index=0200-ops_network_dispatcher-lan sourcetype=cisco:ios CONFIG_I OR %AAA-5-AAA_AUTH_ADMIN_USER OR LOGIN_FAILED 
| rex field=_raw "^[^'\n]*'(?P&lt;User_&gt;\w+)" 
| eval User=mvappend (User_,user) 
| search User!=*
| replace "AAA_AUTH_ADMIN_USER" WITH "AAA Admin User" "CONFIG_I" WITH "Config Command" "LOGIN_FAILED" WITH "Login Failed" "VSHD_SYSLOG_CONFIG_I" WITH "Config Command" IN mnemonic 
| replace FJ *
| eval Location=substr(host,1,2) 
| replace "in" WITH Ingolstadt, is WITH Ingolstadt, gh WITH Ingolstadt, kg WITH Ingolstadt, mm WITH Ingolstadt, nd WITH Ingolstadt, nb WITH Ingolstadt, mh WITH Ingolstadt, ne WITH Neckarsulm, bh with Ingolstadt, pn with Neckarsulm, hn with Ingolstadt hb with Ingolstadt gm with Ingolstadt si with Neckarsulm ta with Neckarsulm b0 with Neckarsulm 17 with Ingolstadt in Location 
| stats count by User mnemonic Location | where NOT Location == "Ingolstadt"
| rename mnemonic as Action count as Count 
| sort -Count</query>
          <earliest>-1mon@mon</earliest>
          <latest>@mon</latest>
          <sampleRatio>1</sampleRatio>
        </search>
        <option name="count">20</option>
        <option name="dataOverlayMode">none</option>
        <option name="drilldown">none</option>
        <option name="percentagesRow">false</option>
        <option name="rowNumbers">false</option>
        <option name="totalsRow">false</option>
        <option name="wrap">false</option>
        <format type="color" field="User">
          <colorPalette type="map">{"console":#F8BE34}</colorPalette>
        </format>
      </table>
    </panel>
  </row>
  <row>
    <panel>
      <table>
        <title>Fortinet Login</title>
        <search>
          <query>index=0200-ops_network_dispatcher-fortinet Login 
| replace *
| stats count by user status reason
| sort -count</query>
          <earliest>$field1.earliest$</earliest>
          <latest>$field1.latest$</latest>
          <sampleRatio>1</sampleRatio>
        </search>
        <option name="count">10</option>
        <option name="dataOverlayMode">none</option>
        <option name="drilldown">none</option>
        <option name="percentagesRow">false</option>
        <option name="refresh.display">progressbar</option>
        <option name="rowNumbers">false</option>
        <option name="totalsRow">false</option>
        <option name="wrap">false</option>
      </table>
    </panel>
    <panel>
      <table>
        <title>Checkpoint Login</title>
        <search>
          <query>index=0200-ops_network_dispatcher-checkpoint login 
| where NOT operation == "Log Out" 
| replace *
| where NOT operation == "Modify Object"
| where NOT operation == "Create Section"
| where NOT operation == "Create Rule"
| where NOT operation == "Set Session Description"
| stats count by administrator operation product 
| sort -count</query>
          <earliest>$field1.earliest$</earliest>
          <latest>$field1.latest$</latest>
          <sampleRatio>1</sampleRatio>
        </search>
        <option name="count">10</option>
        <option name="dataOverlayMode">none</option>
        <option name="drilldown">none</option>
        <option name="percentagesRow">false</option>
        <option name="refresh.display">progressbar</option>
        <option name="rowNumbers">false</option>
        <option name="totalsRow">false</option>
        <option name="wrap">false</option>
      </table>
    </panel>
  </row>
  <row>
    <panel>
      <table>
        <title>Load Balancer Login</title>
        <search>
          <query>index=0200-ops_network_dispatcher-lb authenticated 
| where NOT User_ == "192" 
| where NOT User_ == "10" 
| where NOT User_== "143" 
| where NOT User_== "user" 
| where NOT User_ == "AUTHCACHE" 
| replace *
| stats count by User_</query>
          <earliest>$field1.earliest$</earliest>
          <latest>$field1.latest$</latest>
          <sampleRatio>1</sampleRatio>
        </search>
        <option name="count">10</option>
        <option name="dataOverlayMode">none</option>
        <option name="drilldown">none</option>
        <option name="percentagesRow">false</option>
        <option name="refresh.display">progressbar</option>
        <option name="rowNumbers">false</option>
        <option name="totalsRow">false</option>
        <option name="wrap">false</option>
        <format type="color" field="User_">
          <colorPalette type="map">{"admion":#F8BE34}</colorPalette>
        </format>
      </table>
    </panel>
    <panel>
      <table>
        <title>Proxy Login</title>
        <search>
          <query>index=0200-ops_network_dispatcher-proxy login 
| eval Location=substr(host,1,2) 
| replace "in" with Ingolstadt "gy" with Gyor in Location
| stats count by User_ Location
| replace *
| sort -count</query>
          <earliest>$field1.earliest$</earliest>
          <latest>$field1.latest$</latest>
          <sampleRatio>1</sampleRatio>
        </search>
        <option name="count">10</option>
        <option name="dataOverlayMode">none</option>
        <option name="drilldown">none</option>
        <option name="percentagesRow">false</option>
        <option name="refresh.display">progressbar</option>
        <option name="rowNumbers">false</option>
        <option name="totalsRow">false</option>
        <option name="wrap">false</option>
      </table>
    </panel>
  </row>
</form>
