<form theme="light">
  <label>Test - Auth</label>
  <fieldset submitButton="true" autoRun="false">
    <input type="time" token="time_range">
      <label>Time Range</label>
      <default>
        <earliest>-24h@h</earliest>
        <latest>now</latest>
      </default>
    </input>
  </fieldset>
  <row>
    <panel>
      <title>Failed Authentication</title>
      <chart>
        <search>
          <query>index=* sourcetype="cisco:ise:syslog" ISEPolicySetName="Device Admin Switch" OR "Admin F5" OR "Admin Checkpoint" OR "Device Admin WLC" eventtype="cisco-ise-guest-authentication-failed"index=* sourcetype="cisco:ise:syslog" eventtype="cisco-ise-failed-authentication" ISEPolicySetName="Device Admin Switch" OR "Admin F5" OR "Admin Checkpoint" OR "Device Admin WLC" eventtype="cisco-ise-guest-authentication-failed" 
| append 
    [ search index=0200-ops_network_dispatcher-lan sourcetype=cisco:ios eventtype=cisco_ios-login_failed] 
| eval User=mvappend(User,user) 
| eval Fail=mvappend(FailureReason,reason) 
| replace "13031 TACACS+ authentication request missing user Password" WITH "Missing user password" "11014 RADIUS packet contains invalid attribute(s)" WITH "RADIUS packet invalid attribute" "13036 Selected Shell Profile is DenyAccess" WITH "Shell Profile is DenyAccess" "22040 Wrong password or invalid shared secret" WITH "Wrong password or shared secret" "22056 Subject not found in the applicable identity store(s)" WITH "Subject not found in identity store" "24508 User authentication failed" WITH "User authentication failed" "13030 TACACS+ authentication request missing a User name" WITH "Missing user name" "15039 Rejected per authorization profile" WITH "Rejected authorization profile" IN Fail 
| chart count by Fail User 
| sort -count</query>
          <earliest>$time_range.earliest$</earliest>
          <latest>$time_range.latest$</latest>
          <sampleRatio>1</sampleRatio>
        </search>
        <option name="charting.axisLabelsX.majorLabelStyle.overflowMode">ellipsisNone</option>
        <option name="charting.axisLabelsX.majorLabelStyle.rotation">0</option>
        <option name="charting.axisTitleX.visibility">visible</option>
        <option name="charting.axisTitleY.visibility">visible</option>
        <option name="charting.axisTitleY2.visibility">visible</option>
        <option name="charting.axisX.abbreviation">none</option>
        <option name="charting.axisX.scale">linear</option>
        <option name="charting.axisY.abbreviation">none</option>
        <option name="charting.axisY.scale">log</option>
        <option name="charting.axisY2.abbreviation">none</option>
        <option name="charting.axisY2.enabled">0</option>
        <option name="charting.axisY2.scale">inherit</option>
        <option name="charting.chart">column</option>
        <option name="charting.chart.bubbleMaximumSize">50</option>
        <option name="charting.chart.bubbleMinimumSize">10</option>
        <option name="charting.chart.bubbleSizeBy">area</option>
        <option name="charting.chart.nullValueMode">gaps</option>
        <option name="charting.chart.showDataLabels">all</option>
        <option name="charting.chart.sliceCollapsingThreshold">0.01</option>
        <option name="charting.chart.stackMode">default</option>
        <option name="charting.chart.style">shiny</option>
        <option name="charting.drilldown">none</option>
        <option name="charting.layout.splitSeries">0</option>
        <option name="charting.layout.splitSeries.allowIndependentYRanges">0</option>
        <option name="charting.legend.labelStyle.overflowMode">ellipsisMiddle</option>
        <option name="charting.legend.mode">standard</option>
        <option name="charting.legend.placement">right</option>
        <option name="charting.lineWidth">2</option>
        <option name="refresh.display">progressbar</option>
        <option name="trellis.enabled">0</option>
        <option name="trellis.scales.shared">1</option>
        <option name="trellis.size">medium</option>
      </chart>
    </panel>
    <panel>
      <title>Total Authentications</title>
      <single>
        <search>
          <query>sourcetype="cisco:ise:syslog" ISEPolicySetName="Device Admin Switch" OR "Admin F5" OR "Admin Checkpoint" OR "Device Admin WLC"  MESSAGE_TEXT!="Session Authorization succeeded" | timechart span=1d count</query>
          <earliest>-24h@h</earliest>
          <latest>now</latest>
          <sampleRatio>1</sampleRatio>
        </search>
        <option name="colorBy">trend</option>
        <option name="colorMode">none</option>
        <option name="drilldown">none</option>
        <option name="height">243</option>
        <option name="numberPrecision">0</option>
        <option name="rangeColors">["0x53a051","0x0877a6","0xf8be34","0xf1813f","0xdc4e41"]</option>
        <option name="rangeValues">[0,30,70,100]</option>
        <option name="refresh.display">progressbar</option>
        <option name="showSparkline">1</option>
        <option name="showTrendIndicator">1</option>
        <option name="trellis.enabled">1</option>
        <option name="trellis.scales.shared">1</option>
        <option name="trellis.size">large</option>
        <option name="trellis.splitBy">_aggregation</option>
        <option name="trendColorInterpretation">inverse</option>
        <option name="trendDisplayMode">absolute</option>
        <option name="trendInterval">-24h</option>
        <option name="unitPosition">after</option>
        <option name="useColors">1</option>
        <option name="useThousandSeparators">1</option>
      </single>
    </panel>
  </row>
  <row>
    <panel>
      <title>Cisco Devices Login Tracker</title>
      <table>
        <search>
          <query>index=0200-ops_network_dispatcher-lan sourcetype=cisco:ios CONFIG_I OR %AAA-5-AAA_AUTH_ADMIN_USER OR LOGIN_FAILED 
| rex field=_raw "^[^'\n]*'(?P&lt;User_&gt;\w+)" 
| eval User=mvappend (User_,user) |replace "AAA_AUTH_ADMIN_USER" WITH "AAA Admin User" "CONFIG_I" WITH "Config Command" "LOGIN_FAILED" WITH "Login Failed" "VSHD_SYSLOG_CONFIG_I" WITH "Config Command" IN mnemonic 
| stats count by User mnemonic host | rename mnemonic as Action host as Host count as Count | sort -Count</query>
          <earliest>$time_range.earliest$</earliest>
          <latest>$time_range.latest$</latest>
          <sampleRatio>1</sampleRatio>
        </search>
        <option name="count">10</option>
        <option name="dataOverlayMode">none</option>
        <option name="drilldown">none</option>
        <option name="percentagesRow">false</option>
        <option name="refresh.display">progressbar</option>
        <option name="rowNumbers">false</option>
        <option name="totalsRow">false</option>
        <option name="wrap">true</option>
      </table>
    </panel>
    <panel>
      <title>ISE Policy User Authentication</title>
      <table>
        <search>
          <query>sourcetype="cisco:ise:syslog" ISEPolicySetName="Device Admin Switch" OR "Admin F5" OR "Admin Checkpoint" OR "Device Admin WLC" MESSAGE_TEXT!="Session Authorization succeeded" 
| stats count by user MESSAGE_TEXT ISEPolicySetName NetworkDeviceName 
| rename user as User, MESSAGE_TEXT as Authentication, ISEPolicySetName as Policy, count as Count 
| sort -Count</query>
          <earliest>$time_range.earliest$</earliest>
          <latest>$time_range.latest$</latest>
          <sampleRatio>1</sampleRatio>
        </search>
        <option name="count">10</option>
        <option name="dataOverlayMode">none</option>
        <option name="drilldown">none</option>
        <option name="percentagesRow">false</option>
        <option name="refresh.display">progressbar</option>
        <option name="rowNumbers">false</option>
        <option name="totalsRow">false</option>
        <option name="wrap">true</option>
      </table>
    </panel>
  </row>
  <row>
    <panel>
      <title>Policy Distribution</title>
      <chart>
        <search>
          <query>sourcetype="cisco:ise:syslog" ISEPolicySetName="Device Admin Switch" OR "Admin F5" OR "Admin Checkpoint" OR "Device Admin WLC" MESSAGE_TEXT!="Session Authorization succeeded" | timechart count by AuthorizationPolicyMatchedRule usenull=f</query>
          <earliest>@d</earliest>
          <latest>now</latest>
          <sampleRatio>1</sampleRatio>
        </search>
        <option name="charting.axisLabelsX.majorLabelStyle.overflowMode">ellipsisNone</option>
        <option name="charting.axisLabelsX.majorLabelStyle.rotation">0</option>
        <option name="charting.axisTitleX.visibility">visible</option>
        <option name="charting.axisTitleY.visibility">visible</option>
        <option name="charting.axisTitleY2.visibility">visible</option>
        <option name="charting.axisX.abbreviation">none</option>
        <option name="charting.axisX.scale">linear</option>
        <option name="charting.axisY.abbreviation">none</option>
        <option name="charting.axisY.scale">linear</option>
        <option name="charting.axisY2.abbreviation">none</option>
        <option name="charting.axisY2.enabled">0</option>
        <option name="charting.axisY2.scale">inherit</option>
        <option name="charting.chart">area</option>
        <option name="charting.chart.bubbleMaximumSize">50</option>
        <option name="charting.chart.bubbleMinimumSize">10</option>
        <option name="charting.chart.bubbleSizeBy">area</option>
        <option name="charting.chart.nullValueMode">gaps</option>
        <option name="charting.chart.showDataLabels">none</option>
        <option name="charting.chart.sliceCollapsingThreshold">0.01</option>
        <option name="charting.chart.stackMode">stacked</option>
        <option name="charting.chart.style">shiny</option>
        <option name="charting.drilldown">none</option>
        <option name="charting.layout.splitSeries">0</option>
        <option name="charting.layout.splitSeries.allowIndependentYRanges">0</option>
        <option name="charting.legend.labelStyle.overflowMode">ellipsisMiddle</option>
        <option name="charting.legend.mode">standard</option>
        <option name="charting.legend.placement">right</option>
        <option name="charting.lineWidth">2</option>
        <option name="trellis.enabled">0</option>
        <option name="trellis.scales.shared">1</option>
        <option name="trellis.size">medium</option>
      </chart>
    </panel>
  </row>
</form>